This is pdfTeX, Version 3.14159265-2.6-1.40.21 (TeX Live 2020/W32TeX) (preloaded format=pdflatex 2020.9.7)  19 FEB 2021 15:46
entering extended mode
 restricted \write18 enabled.
 %&-line parsing enabled.
**LaTeXTrial.tex
(./LaTeXTrial.tex
LaTeX2e <2020-02-02> patch level 5
L3 programming layer <2020-09-03>
(c:/Users/frank/AppData/Roaming/TinyTeX/texmf-dist/tex/latex/base/article.cls
Document Class: article 2020/04/10 v1.4m Standard LaTeX document class
(c:/Users/frank/AppData/Roaming/TinyTeX/texmf-dist/tex/latex/base/size10.clo
File: size10.clo 2020/04/10 v1.4m Standard LaTeX file (size option)
)
\c@part=\count168
\c@section=\count169
\c@subsection=\count170
\c@subsubsection=\count171
\c@paragraph=\count172
\c@subparagraph=\count173
\c@figure=\count174
\c@table=\count175
\abovecaptionskip=\skip47
\belowcaptionskip=\skip48
\bibindent=\dimen134
)
(c:/Users/frank/AppData/Roaming/TinyTeX/texmf-dist/tex/latex/graphics/graphicx.
sty
Package: graphicx 2019/11/30 v1.2a Enhanced LaTeX Graphics (DPC,SPQR)

(c:/Users/frank/AppData/Roaming/TinyTeX/texmf-dist/tex/latex/graphics/keyval.st
y
Package: keyval 2014/10/28 v1.15 key=value parser (DPC)
\KV@toks@=\toks15
)
(c:/Users/frank/AppData/Roaming/TinyTeX/texmf-dist/tex/latex/graphics/graphics.
sty
Package: graphics 2019/11/30 v1.4a Standard LaTeX Graphics (DPC,SPQR)

(c:/Users/frank/AppData/Roaming/TinyTeX/texmf-dist/tex/latex/graphics/trig.sty
Package: trig 2016/01/03 v1.10 sin cos tan (DPC)
)
(c:/Users/frank/AppData/Roaming/TinyTeX/texmf-dist/tex/latex/graphics-cfg/graph
ics.cfg
File: graphics.cfg 2016/06/04 v1.11 sample graphics configuration
)
Package graphics Info: Driver file: pdftex.def on input line 105.

(c:/Users/frank/AppData/Roaming/TinyTeX/texmf-dist/tex/latex/graphics-def/pdfte
x.def
File: pdftex.def 2020/08/26 v1.2 Graphics/color driver for pdftex
))
\Gin@req@height=\dimen135
\Gin@req@width=\dimen136
)
(c:/Users/frank/AppData/Roaming/TinyTeX/texmf-dist/tex/latex/graphics/color.sty
Package: color 2019/11/23 v1.2a Standard LaTeX Color (DPC)

(c:/Users/frank/AppData/Roaming/TinyTeX/texmf-dist/tex/latex/graphics-cfg/color
.cfg
File: color.cfg 2016/01/02 v1.6 sample color configuration
)
Package color Info: Driver file: pdftex.def on input line 147.
)
(c:/Users/frank/AppData/Roaming/TinyTeX/texmf-dist/tex/latex/framed/framed.sty
Package: framed 2011/10/22 v 0.96: framed or shaded text with page breaks
\OuterFrameSep=\skip49
\fb@frw=\dimen137
\fb@frh=\dimen138
\FrameRule=\dimen139
\FrameSep=\dimen140
) (c:/Users/frank/AppData/Roaming/TinyTeX/texmf-dist/tex/latex/base/alltt.sty
Package: alltt 1997/06/16 v2.0g defines alltt environment
)
(c:/Users/frank/AppData/Roaming/TinyTeX/texmf-dist/tex/latex/l3backend/l3backen
d-pdftex.def
File: l3backend-pdftex.def 2020-09-01 L3 backend support: PDF output (pdfTeX)
\l__kernel_color_stack_int=\count176
\l__pdf_internal_box=\box45
) (./LaTeXTrial.aux)
\openout1 = `LaTeXTrial.aux'.

LaTeX Font Info:    Checking defaults for OML/cmm/m/it on input line 53.
LaTeX Font Info:    ... okay on input line 53.
LaTeX Font Info:    Checking defaults for OMS/cmsy/m/n on input line 53.
LaTeX Font Info:    ... okay on input line 53.
LaTeX Font Info:    Checking defaults for OT1/cmr/m/n on input line 53.
LaTeX Font Info:    ... okay on input line 53.
LaTeX Font Info:    Checking defaults for T1/cmr/m/n on input line 53.
LaTeX Font Info:    ... okay on input line 53.
LaTeX Font Info:    Checking defaults for TS1/cmr/m/n on input line 53.
LaTeX Font Info:    ... okay on input line 53.
LaTeX Font Info:    Checking defaults for OMX/cmex/m/n on input line 53.
LaTeX Font Info:    ... okay on input line 53.
LaTeX Font Info:    Checking defaults for U/cmr/m/n on input line 53.
LaTeX Font Info:    ... okay on input line 53.

(c:/Users/frank/AppData/Roaming/TinyTeX/texmf-dist/tex/latex/epstopdf-pkg/epsto
pdf-base.sty
Package: epstopdf-base 2020-01-24 v2.11 Base part for package epstopdf
Package epstopdf-base Info: Redefining graphics rule for `.eps' on input line 4
85.

(c:/Users/frank/AppData/Roaming/TinyTeX/texmf-dist/tex/latex/latexconfig/epstop
df-sys.cfg
File: epstopdf-sys.cfg 2010/07/13 v1.3 Configuration of (r)epstopdf for TeX Liv
e
))
Underfull \hbox (badness 10000) in paragraph at lines 70--73

 []


Overfull \hbox (122.24593pt too wide) in paragraph at lines 90--90
[]\OT1/cmtt/m/n/10 Text here is literal. With no formatting signs. Careful, the
re is also no margin control![] 
 []

Package color Info: Redefining color shadecolor on input line 99.
LaTeX Font Info:    Font shape `OT1/cmtt/bx/n' in size <10> not available
(Font)              Font shape `OT1/cmtt/m/n' tried instead on input line 101.

Overfull \hbox (38.24666pt too wide) in paragraph at lines 109--109
[]\OT1/cmtt/m/n/10 ##  [1] 0.15028471 0.29669233 0.50303807 0.14573927 0.812618
19 0.10215389[] 
 []

<figure/unnamed-chunk-1-1.pdf, id=1, 505.89pt x 505.89pt>
File: figure/unnamed-chunk-1-1.pdf Graphic file (type pdf)
<use figure/unnamed-chunk-1-1.pdf>
Package pdftex.def Info: figure/unnamed-chunk-1-1.pdf  used on input line 114.
(pdftex.def)             Requested size: 345.0pt x 345.00414pt.

Overfull \hbox (15.0pt too wide) in paragraph at lines 114--115
[][] 
 []

! Undefined control sequence.
l.118 \lipsum
             [1-2]
The control sequence at the end of the top line
of your error message was never \def'ed. If you have
misspelled it (e.g., `\hobx'), type `I' and the correct
spelling (e.g., `I\hbox'). Otherwise just continue,
and I'll forget about whatever was undefined.

[1

{c:/Users/frank/AppData/Roaming/TinyTeX/texmf-var/fonts/map/pdftex/updmap/pdfte
x.map}]
LaTeX Font Info:    External font `cmex10' loaded for size
(Font)              <7> on input line 120.
LaTeX Font Info:    External font `cmex10' loaded for size
(Font)              <5> on input line 120.
 [2 <./figure/unnamed-chunk-1-1.pdf>] (./LaTeXTrial.aux) ) 
Here is how much of TeX's memory you used:
 1003 strings out of 482828
 16049 string characters out of 5954637
 251442 words of memory out of 5000000
 16405 multiletter control sequences out of 15000+600000
 537623 words of font info for 38 fonts, out of 8000000 for 9000
 14 hyphenation exceptions out of 8191
 36i,6n,33p,253b,280s stack positions out of 5000i,500n,10000p,200000b,80000s
 <c:/Users/frank/AppD
ata/Roaming/TinyTeX/texmf-dist/fonts/pk/ljfour/public/cm/dpi600/cmr7.pk> <c:/Us
ers/frank/AppData/Roaming/TinyTeX/texmf-var/fonts/pk/ljfour/public/cm/cmitt10.6
00pk> <c:/Users/frank/AppData/Roaming/TinyTeX/texmf-var/fonts/pk/ljfour/jknappe
n/ec/tcrm1000.600pk> <c:/Users/frank/AppData/Roaming/TinyTeX/texmf-var/fonts/pk
/ljfour/public/cm/cmtt10.600pk> <c:/Users/frank/AppData/Roaming/TinyTeX/texmf-d
ist/fonts/pk/ljfour/public/cm/dpi600/cmti10.pk> <c:/Users/frank/AppData/Roaming
/TinyTeX/texmf-dist/fonts/pk/ljfour/public/cm/dpi600/cmr10.pk> <c:/Users/frank/
AppData/Roaming/TinyTeX/texmf-dist/fonts/pk/ljfour/public/cm/dpi600/cmbx10.pk> 
<c:/Users/frank/AppData/Roaming/TinyTeX/texmf-var/fonts/pk/ljfour/public/cm/cmb
x12.600pk> <c:/Users/frank/AppData/Roaming/TinyTeX/texmf-var/fonts/pk/ljfour/pu
blic/cm/cmbx12.720pk>
Output written on LaTeXTrial.pdf (2 pages, 46005 bytes).
PDF statistics:
 196 PDF objects out of 1000 (max. 8388607)
 46 compressed objects within 1 object stream
 0 named destinations out of 1000 (max. 500000)
 6 words of extra memory for PDF output out of 10000 (max. 10000000)

